<?xml version="1.0" encoding="UTF-8"?>
<!-- Generated by org.testng.reporters.JUnitReportReporter -->
<testsuite hostname="DESKTOP-NT35EM5" failures="0" tests="1" name="testPackage.ValidLoginTestCase" time="5.714" errors="0" timestamp="2024-02-08T22:19:21 IST" skipped="0">
  <testcase classname="testPackage.ValidLoginTestCase" name="validLoginMethod" time="5.714">
    <system-out>
      <![CDATA[onTestStart
onTestSuccess]]>
    </system-out>
  </testcase> <!-- validLoginMethod -->
  <system-out>
    <![CDATA[onStart
onTestStart
onTestSuccess]]>
  </system-out>
</testsuite> <!-- testPackage.ValidLoginTestCase -->
