<?xml version="1.0" encoding="UTF-8"?>
<!-- Generated by org.testng.reporters.JUnitReportReporter -->
<testsuite hostname="DESKTOP-NT35EM5" failures="0" tests="1" name="testPackage.CreateNewUser" time="11.281" errors="0" timestamp="2024-01-17T10:22:47 IST" skipped="0">
  <testcase classname="testPackage.CreateNewUser" name="createValidNewUsersMethod" time="11.281">
    <system-out>
      <![CDATA[onTestStart
onTestSuccess]]>
    </system-out>
  </testcase> <!-- createValidNewUsersMethod -->
  <system-out>
    <![CDATA[onStart
onTestStart
onTestSuccess
onTestStart
onTestFailure
Method Failed Taken Screenshots!!!
onTestStart
onTestSuccess
onTestStart
onTestSuccess]]>
  </system-out>
</testsuite> <!-- testPackage.CreateNewUser -->
