<?xml version="1.0" encoding="UTF-8"?>
<!-- Generated by org.testng.reporters.JUnitReportReporter -->
<testsuite hostname="DESKTOP-NT35EM5" failures="0" tests="1" name="testPackage.InvalidLoginTestCase" time="11.577" errors="0" timestamp="2024-02-08T10:15:38 IST" skipped="0">
  <testcase classname="testPackage.InvalidLoginTestCase" name="invalidLoginMethod" time="11.577">
    <system-out>
      <![CDATA[onTestStart
onTestSuccess]]>
    </system-out>
  </testcase> <!-- invalidLoginMethod -->
  <system-out>
    <![CDATA[onStart
onTestStart
onTestSuccess]]>
  </system-out>
</testsuite> <!-- testPackage.InvalidLoginTestCase -->
